<?xml version="1.0" encoding="UTF-8"?>
<!-- Generated by org.testng.reporters.JUnitReportReporter -->
<testsuite hostname="TIBCO-PF373QX5" failures="0" tests="1" name="Test.Day2" time="0.001" errors="0" timestamp="2022-03-25T00:46:47 IST" skipped="0">
  <testcase classname="Test.Day2" name="abc" time="0.001"/>
  <system-out/>
</testsuite> <!-- Test.Day2 -->
