<?xml version="1.0" encoding="UTF-8"?>
<!-- Generated by org.testng.reporters.JUnitReportReporter -->
<testsuite hostname="TIBCO-PF373QX5" failures="0" tests="3" name="Test.Day3" time="0.005" errors="0" timestamp="2022-03-25T00:46:47 IST" skipped="0">
  <testcase classname="Test.Day3" name="WebLoginCarLoan" time="0.002"/>
  <system-out/>
  <testcase classname="Test.Day3" name="LoginAPICarLoan" time="0.001"/>
  <system-out/>
  <testcase classname="Test.Day3" name="MobileLoginCarLoan" time="0.002"/>
  <system-out/>
</testsuite> <!-- Test.Day3 -->
