<?xml version="1.0" encoding="UTF-8"?>
<!-- Generated by org.testng.reporters.JUnitReportReporter -->
<testsuite hostname="TIBCO-PF373QX5" failures="0" tests="1" name="Test.Test1" time="0.009" errors="0" timestamp="2022-03-24T19:22:44 IST" skipped="0">
  <testcase classname="Test.Test1" name="abc" time="0.009"/>
  <system-out/>
</testsuite> <!-- Test.Test1 -->
