<?xml version="1.0" encoding="UTF-8"?>
<!-- Generated by org.testng.reporters.JUnitReportReporter -->
<testsuite hostname="TIBCO-PF373QX5" failures="0" tests="5" name="Test.Day4" time="0.005" errors="0" timestamp="2022-03-25T00:46:47 IST" skipped="0">
  <testcase classname="Test.Day4" name="WebLoginHomeLoan" time="0.001"/>
  <system-out/>
  <testcase classname="Test.Day4" name="LoginAPIHomeLoan" time="0.001"/>
  <system-out/>
  <testcase classname="Test.Day4" name="MobileLoginHomeLoan" time="0.001"/>
  <system-out/>
  <testcase classname="Test.Day4" name="WebLoginHomeLoan" time="0.001"/>
  <system-out/>
  <testcase classname="Test.Day4" name="WebLoginHomeLoan" time="0.001"/>
  <system-out/>
</testsuite> <!-- Test.Day4 -->
