<?xml version="1.0" encoding="UTF-8"?>
<!-- Generated by org.testng.reporters.JUnitReportReporter -->
<testsuite hostname="TIBCO-PF373QX5" failures="0" tests="3" name="Test.New" time="0.035" errors="0" timestamp="2022-05-28T16:59:31 IST" skipped="0">
  <testcase classname="Test.New" name="abc" time="0.004"/>
  <system-out/>
  <testcase classname="Test.New" name="ABC" time="0.027"/>
  <system-out/>
  <testcase classname="Test.New" name="abc3" time="0.004"/>
  <system-out/>
</testsuite> <!-- Test.New -->
