<?xml version="1.0" encoding="UTF-8"?>
<!-- Generated by org.testng.reporters.JUnitReportReporter -->
<testsuite hostname="TIBCO-PF373QX5" failures="0" tests="2" name="Test.Day1" time="0.006" errors="0" timestamp="2022-05-28T16:30:22 IST" skipped="0">
  <testcase classname="Test.Day1" name="abc" time="0.005"/>
  <system-out/>
  <testcase classname="Test.Day1" name="abc2" time="0.001"/>
  <system-out/>
</testsuite> <!-- Test.Day1 -->
