<?xml version="1.0" encoding="UTF-8"?>
<!-- Generated by org.testng.reporters.JUnitReportReporter -->
<testsuite hostname="TIBCO-PF373QX5" failures="0" tests="3" name="Test.mjs" time="0.019" errors="0" timestamp="2022-04-19T13:26:42 IST" skipped="0">
  <testcase classname="Test.mjs" name="a2" time="0.016"/>
  <system-out/>
  <testcase classname="Test.mjs" name="a1" time="0.002"/>
  <system-out/>
  <testcase classname="Test.mjs" name="a3" time="0.001"/>
  <system-out/>
</testsuite> <!-- Test.mjs -->
